<?xml version="1.0" encoding="UTF-8" ?>
<testsuite tests="1" failures="0" name="org.chenche.amigoInvisible.restControllers.SesionControllerTest" time="1.994" errors="0" skipped="0">
  <properties>
    <property name="java.runtime.name" value="Java(TM) SE Runtime Environment"/>
    <property name="sun.boot.library.path" value="D:\java\jdk18\jre\bin"/>
    <property name="java.vm.version" value="25.25-b02"/>
    <property name="java.vm.vendor" value="Oracle Corporation"/>
    <property name="java.vendor.url" value="http://java.oracle.com/"/>
    <property name="path.separator" value=";"/>
    <property name="java.vm.name" value="Java HotSpot(TM) Client VM"/>
    <property name="file.encoding.pkg" value="sun.io"/>
    <property name="user.script" value=""/>
    <property name="user.country" value="ES"/>
    <property name="sun.java.launcher" value="SUN_STANDARD"/>
    <property name="sun.os.patch.level" value="Service Pack 1"/>
    <property name="java.vm.specification.name" value="Java Virtual Machine Specification"/>
    <property name="user.dir" value="F:\MisDesarrollos\proyectos\amigoInvisible-rest"/>
    <property name="java.runtime.version" value="1.8.0_25-b18"/>
    <property name="java.awt.graphicsenv" value="sun.awt.Win32GraphicsEnvironment"/>
    <property name="basedir" value="F:\MisDesarrollos\proyectos\amigoInvisible-rest"/>
    <property name="java.endorsed.dirs" value="D:\java\jdk18\jre\lib\endorsed"/>
    <property name="os.arch" value="x86"/>
    <property name="surefire.real.class.path" value="F:\MisDesarrollos\proyectos\amigoInvisible-rest\target\surefire\surefirebooter850289728212267196.jar"/>
    <property name="java.io.tmpdir" value="C:\Users\SINE95~1.CHE\AppData\Local\Temp\"/>
    <property name="line.separator" value="
"/>
    <property name="java.vm.specification.vendor" value="Oracle Corporation"/>
    <property name="user.variant" value=""/>
    <property name="os.name" value="Windows 7"/>
    <property name="sun.jnu.encoding" value="Cp1252"/>
    <property name="java.library.path" value="D:\java\jdk18\jre\bin;C:\Windows\Sun\Java\bin;C:\Windows\system32;C:\Windows;C:\ProgramData\Oracle\Java\javapath;C:\Program Files\Common Files\Microsoft Shared\Microsoft Online Services;C:\Program Files\Common Files\Microsoft Shared\Windows Live;D:\baseDatos\oracleXE11\app\oracle\product\11.2.0\server\bin;C:\Program Files\Haskell\bin;C:\Program Files\Haskell Platform_2011.2.0.0\lib\extralibs\bin;C:\Program Files\Haskell Platform_2011.2.0.0\bin;C:\oracle\product\10.2.0\client_1\bin;C:\Oracle\product\11.2.0\client_1\bin;C:\Windows\system32;C:\Windows;C:\Windows\System32\Wbem;C:\Windows\System32\WindowsPowerShell\v1.0\;c:\program files\borland\StarTeam SDK 2005 R2\Lib;c:\program files\borland\StarTeam SDK 2005 R2\Bin;C:\Program Files\Windows Live\Shared;D:\Herramientas\nodeJS\;D:\java\apache-maven-3.0.3\bin;c:\Program Files\Microsoft SQL Server\90\Tools\binn\;C:\Users\SINE95.chenche\AppData\Roaming\cabal\bin;C:\Program Files\CVSNT\;C:\Program Files\RuntimePB9\;d:\herramientas\nodeJS\;D:\java\jdk18\bin;."/>
    <property name="surefire.test.class.path" value="F:\MisDesarrollos\proyectos\amigoInvisible-rest\target\test-classes;F:\MisDesarrollos\proyectos\amigoInvisible-rest\target\classes;C:\Users\SINE95.chenche\.m2\repository\org\springframework\spring-webmvc\4.0.3.RELEASE\spring-webmvc-4.0.3.RELEASE.jar;C:\Users\SINE95.chenche\.m2\repository\org\springframework\spring-beans\4.0.3.RELEASE\spring-beans-4.0.3.RELEASE.jar;C:\Users\SINE95.chenche\.m2\repository\org\springframework\spring-context\4.0.3.RELEASE\spring-context-4.0.3.RELEASE.jar;C:\Users\SINE95.chenche\.m2\repository\org\springframework\spring-aop\4.0.3.RELEASE\spring-aop-4.0.3.RELEASE.jar;C:\Users\SINE95.chenche\.m2\repository\aopalliance\aopalliance\1.0\aopalliance-1.0.jar;C:\Users\SINE95.chenche\.m2\repository\org\springframework\spring-core\4.0.3.RELEASE\spring-core-4.0.3.RELEASE.jar;C:\Users\SINE95.chenche\.m2\repository\commons-logging\commons-logging\1.1.3\commons-logging-1.1.3.jar;C:\Users\SINE95.chenche\.m2\repository\org\springframework\spring-expression\4.0.3.RELEASE\spring-expression-4.0.3.RELEASE.jar;C:\Users\SINE95.chenche\.m2\repository\org\springframework\spring-web\4.0.3.RELEASE\spring-web-4.0.3.RELEASE.jar;C:\Users\SINE95.chenche\.m2\repository\javax\servlet\jstl\1.2\jstl-1.2.jar;C:\Users\SINE95.chenche\.m2\repository\javax\servlet\javax.servlet-api\3.1.0\javax.servlet-api-3.1.0.jar;C:\Users\SINE95.chenche\.m2\repository\commons-io\commons-io\1.3.2\commons-io-1.3.2.jar;C:\Users\SINE95.chenche\.m2\repository\org\springframework\spring-oxm\4.0.3.RELEASE\spring-oxm-4.0.3.RELEASE.jar;C:\Users\SINE95.chenche\.m2\repository\org\springframework\spring-test\4.0.3.RELEASE\spring-test-4.0.3.RELEASE.jar;C:\Users\SINE95.chenche\.m2\repository\junit\junit\4.11\junit-4.11.jar;C:\Users\SINE95.chenche\.m2\repository\org\hamcrest\hamcrest-core\1.3\hamcrest-core-1.3.jar;C:\Users\SINE95.chenche\.m2\repository\log4j\log4j\1.2.12\log4j-1.2.12.jar;C:\Users\SINE95.chenche\.m2\repository\org\slf4j\slf4j-api\1.7.5\slf4j-api-1.7.5.jar;C:\Users\SINE95.chenche\.m2\repository\org\codehaus\jackson\jackson-mapper-asl\1.9.10\jackson-mapper-asl-1.9.10.jar;C:\Users\SINE95.chenche\.m2\repository\org\codehaus\jackson\jackson-core-asl\1.9.10\jackson-core-asl-1.9.10.jar;"/>
    <property name="java.specification.name" value="Java Platform API Specification"/>
    <property name="java.class.version" value="52.0"/>
    <property name="sun.management.compiler" value="HotSpot Client Compiler"/>
    <property name="os.version" value="6.1"/>
    <property name="user.home" value="C:\Users\SINE95.chenche"/>
    <property name="user.timezone" value="Europe/Paris"/>
    <property name="java.awt.printerjob" value="sun.awt.windows.WPrinterJob"/>
    <property name="java.specification.version" value="1.8"/>
    <property name="file.encoding" value="Cp1252"/>
    <property name="user.name" value="SINE95.chenche"/>
    <property name="java.class.path" value="F:\MisDesarrollos\proyectos\amigoInvisible-rest\target\test-classes;F:\MisDesarrollos\proyectos\amigoInvisible-rest\target\classes;C:\Users\SINE95.chenche\.m2\repository\org\springframework\spring-webmvc\4.0.3.RELEASE\spring-webmvc-4.0.3.RELEASE.jar;C:\Users\SINE95.chenche\.m2\repository\org\springframework\spring-beans\4.0.3.RELEASE\spring-beans-4.0.3.RELEASE.jar;C:\Users\SINE95.chenche\.m2\repository\org\springframework\spring-context\4.0.3.RELEASE\spring-context-4.0.3.RELEASE.jar;C:\Users\SINE95.chenche\.m2\repository\org\springframework\spring-aop\4.0.3.RELEASE\spring-aop-4.0.3.RELEASE.jar;C:\Users\SINE95.chenche\.m2\repository\aopalliance\aopalliance\1.0\aopalliance-1.0.jar;C:\Users\SINE95.chenche\.m2\repository\org\springframework\spring-core\4.0.3.RELEASE\spring-core-4.0.3.RELEASE.jar;C:\Users\SINE95.chenche\.m2\repository\commons-logging\commons-logging\1.1.3\commons-logging-1.1.3.jar;C:\Users\SINE95.chenche\.m2\repository\org\springframework\spring-expression\4.0.3.RELEASE\spring-expression-4.0.3.RELEASE.jar;C:\Users\SINE95.chenche\.m2\repository\org\springframework\spring-web\4.0.3.RELEASE\spring-web-4.0.3.RELEASE.jar;C:\Users\SINE95.chenche\.m2\repository\javax\servlet\jstl\1.2\jstl-1.2.jar;C:\Users\SINE95.chenche\.m2\repository\javax\servlet\javax.servlet-api\3.1.0\javax.servlet-api-3.1.0.jar;C:\Users\SINE95.chenche\.m2\repository\commons-io\commons-io\1.3.2\commons-io-1.3.2.jar;C:\Users\SINE95.chenche\.m2\repository\org\springframework\spring-oxm\4.0.3.RELEASE\spring-oxm-4.0.3.RELEASE.jar;C:\Users\SINE95.chenche\.m2\repository\org\springframework\spring-test\4.0.3.RELEASE\spring-test-4.0.3.RELEASE.jar;C:\Users\SINE95.chenche\.m2\repository\junit\junit\4.11\junit-4.11.jar;C:\Users\SINE95.chenche\.m2\repository\org\hamcrest\hamcrest-core\1.3\hamcrest-core-1.3.jar;C:\Users\SINE95.chenche\.m2\repository\log4j\log4j\1.2.12\log4j-1.2.12.jar;C:\Users\SINE95.chenche\.m2\repository\org\slf4j\slf4j-api\1.7.5\slf4j-api-1.7.5.jar;C:\Users\SINE95.chenche\.m2\repository\org\codehaus\jackson\jackson-mapper-asl\1.9.10\jackson-mapper-asl-1.9.10.jar;C:\Users\SINE95.chenche\.m2\repository\org\codehaus\jackson\jackson-core-asl\1.9.10\jackson-core-asl-1.9.10.jar;"/>
    <property name="java.vm.specification.version" value="1.8"/>
    <property name="sun.arch.data.model" value="32"/>
    <property name="java.home" value="D:\java\jdk18\jre"/>
    <property name="sun.java.command" value="F:\MisDesarrollos\proyectos\amigoInvisible-rest\target\surefire\surefirebooter850289728212267196.jar F:\MisDesarrollos\proyectos\amigoInvisible-rest\target\surefire\surefire8596109652203104006tmp F:\MisDesarrollos\proyectos\amigoInvisible-rest\target\surefire\surefire6894818017866631083tmp"/>
    <property name="java.specification.vendor" value="Oracle Corporation"/>
    <property name="user.language" value="es"/>
    <property name="awt.toolkit" value="sun.awt.windows.WToolkit"/>
    <property name="java.vm.info" value="mixed mode"/>
    <property name="java.version" value="1.8.0_25"/>
    <property name="java.ext.dirs" value="D:\java\jdk18\jre\lib\ext;C:\Windows\Sun\Java\lib\ext"/>
    <property name="sun.boot.class.path" value="D:\java\jdk18\jre\lib\resources.jar;D:\java\jdk18\jre\lib\rt.jar;D:\java\jdk18\jre\lib\sunrsasign.jar;D:\java\jdk18\jre\lib\jsse.jar;D:\java\jdk18\jre\lib\jce.jar;D:\java\jdk18\jre\lib\charsets.jar;D:\java\jdk18\jre\lib\jfr.jar;D:\java\jdk18\jre\classes"/>
    <property name="java.vendor" value="Oracle Corporation"/>
    <property name="localRepository" value="C:\Users\SINE95.chenche\.m2\repository"/>
    <property name="file.separator" value="\"/>
    <property name="java.vendor.url.bug" value="http://bugreport.sun.com/bugreport/"/>
    <property name="sun.cpu.endian" value="little"/>
    <property name="sun.io.unicode.encoding" value="UnicodeLittle"/>
    <property name="sun.desktop" value="windows"/>
    <property name="sun.cpu.isalist" value="pentium_pro+mmx pentium_pro pentium+mmx pentium i486 i386 i86"/>
  </properties>
  <testcase classname="org.chenche.amigoInvisible.restControllers.SesionControllerTest" name="testLogin" time="1.747"/>
</testsuite>